\BOOKMARK [0][-]{chapter.1}{Pr\351sentation g\351n\351rale du probl\350me}{}
\BOOKMARK [1][-]{section.1.1}{Projet}{chapter.1}
\BOOKMARK [2][-]{subsection.1.1.1}{Finalit\351s}{section.1.1}
\BOOKMARK [2][-]{subsection.1.1.2}{Esp\351rance de retour sur investissement}{section.1.1}
\BOOKMARK [1][-]{section.1.2}{Contexte}{chapter.1}
\BOOKMARK [2][-]{subsection.1.2.1}{Situation du projet par rapport aux autres projets du groupe}{section.1.2}
\BOOKMARK [2][-]{subsection.1.2.2}{\311tudes d\351j\340 effectu\351es}{section.1.2}
\BOOKMARK [2][-]{subsection.1.2.3}{\311tudes men\351es sur des sujets voisins}{section.1.2}
\BOOKMARK [2][-]{subsection.1.2.4}{Suites pr\351vues}{section.1.2}
\BOOKMARK [2][-]{subsection.1.2.5}{Nature des prestations demand\351es}{section.1.2}
\BOOKMARK [2][-]{subsection.1.2.6}{Parties concern\351es par le d\351roulement du projet et ses r\351sultats \(demandeurs, utilisateurs\)}{section.1.2}
\BOOKMARK [2][-]{subsection.1.2.7}{Caract\350re propre \340 la diffusion}{section.1.2}
\BOOKMARK [1][-]{section.1.3}{\311nonc\351 du besoin \(finalit\351s du produit pour le futur utilisateur tel que pr\351vu par le demandeur\)}{chapter.1}
\BOOKMARK [1][-]{section.1.4}{Environnement du produit recherch\351}{chapter.1}
\BOOKMARK [2][-]{subsection.1.4.1}{Listes exhaustives des \351l\351ments \(personnes, \351quipements, mati\350res\203\) et contraintes \(environnement\)}{section.1.4}
\BOOKMARK [2][-]{subsection.1.4.2}{Caract\351ristiques pour chaque \351l\351ment de l\220environnement}{section.1.4}
\BOOKMARK [0][-]{chapter.2}{Expression fonctionnelle du besoin}{}
\BOOKMARK [1][-]{section.2.1}{Fonctions de service et de contrainte}{chapter.2}
\BOOKMARK [2][-]{subsection.2.1.1}{Fonctions de service principales \(qui sont la raison d\220\352tre du produit\)}{section.2.1}
\BOOKMARK [2][-]{subsection.2.1.2}{Fonctions de service compl\351mentaires \(qui am\351liorent, facilitent ou compl\350tent le service rendu\)}{section.2.1}
\BOOKMARK [2][-]{subsection.2.1.3}{Contraintes \(limitations \340 la libert\351 du concepteur-r\351alisateur\)}{section.2.1}
\BOOKMARK [1][-]{section.2.2}{Crit\350res d\220appr\351ciation \(en soulignant ceux qui sont d\351terminants pour l\220\351valuation des r\351ponses\)}{chapter.2}
\BOOKMARK [1][-]{section.2.3}{Niveaux des crit\350res d\220appr\351ciation et ce qui les caract\351rise}{chapter.2}
\BOOKMARK [2][-]{subsection.2.3.1}{Niveaux dont l\220obtention est impos\351e}{section.2.3}
\BOOKMARK [2][-]{subsection.2.3.2}{Niveaux souhait\351s mais r\351visables}{section.2.3}
\BOOKMARK [0][-]{chapter.3}{Cadre de r\351ponse}{}
\BOOKMARK [1][-]{section.3.1}{Pour chaque fonction}{chapter.3}
\BOOKMARK [2][-]{subsection.3.1.1}{Part du prix attribu\351 \340 chaque fonction}{section.3.1}
\BOOKMARK [1][-]{section.3.2}{Pour l\220ensemble du produit}{chapter.3}
\BOOKMARK [2][-]{subsection.3.2.1}{Prix de la r\351alisation de la version de base}{section.3.2}
\BOOKMARK [2][-]{subsection.3.2.2}{Options et variantes propos\351es non retenues au cahier des charges}{section.3.2}
\BOOKMARK [2][-]{subsection.3.2.3}{Mesures prises pour respecter les contraintes et leurs cons\351quences \351conomiques}{section.3.2}
\BOOKMARK [2][-]{subsection.3.2.4}{Outils d\220installation, de maintenance\203 \340 pr\351voir}{section.3.2}
\BOOKMARK [2][-]{subsection.3.2.5}{D\351composition en modules, sous-ensembles}{section.3.2}
\BOOKMARK [2][-]{subsection.3.2.6}{Pr\351visions de fiabilit\351}{section.3.2}
\BOOKMARK [2][-]{subsection.3.2.7}{Perspectives d\220\351volution technologie}{section.3.2}
